<?xml version="1.0" encoding="UTF-8"?>
<testsuite xmlns:xsi="http://www.w3.org/2001/XMLSchema-instance" xsi:noNamespaceSchemaLocation="https://maven.apache.org/surefire/maven-surefire-plugin/xsd/surefire-test-report-3.0.xsd" version="3.0" name="es.unican.is2.CuentaAhorroTest" time="0.076" tests="7" errors="0" skipped="0" failures="0">
  <properties>
[...]
</properties>
  <testcase name="testIngresarConConcepto" classname="es.unican.is2.CuentaAhorroTest" time="0.016"/>
  <testcase name="testSetGetFechasCaducidad" classname="es.unican.is2.CuentaAhorroTest" time="0.001"/>
  <testcase name="testGetSaldoYAddMovimiento" classname="es.unican.is2.CuentaAhorroTest" time="0.002"/>
  <testcase name="testRetirarConConcepto" classname="es.unican.is2.CuentaAhorroTest" time="0.002"/>
  <testcase name="testIngresarSinConcepto" classname="es.unican.is2.CuentaAhorroTest" time="0.002"/>
  <testcase name="testRetirarSinConcepto" classname="es.unican.is2.CuentaAhorroTest" time="0.001"/>
  <testcase name="testConstructor" classname="es.unican.is2.CuentaAhorroTest" time="0.002"/>
</testsuite>